<?xml version="1.0" encoding="UTF-8"?>
<!-- Generated by org.testng.reporters.JUnitReportReporter -->
<testsuite hostname="DESKTOP-QPED60H" failures="0" tests="1" name="Test.BUYtest" time="16.488" errors="0" timestamp="2022-05-01T19:09:54 IST" skipped="0">
  <testcase classname="Test.BUYtest" name="validData" time="16.488"/>
  <system-out/>
</testsuite> <!-- Test.BUYtest -->
