<?xml version="1.0" encoding="UTF-8"?>
<!-- Generated by org.testng.reporters.JUnitReportReporter -->
<testsuite hostname="DESKTOP-QPED60H" failures="0" tests="1" name="Test.PageLoginTest" time="14.777" errors="0" timestamp="2022-04-27T21:50:11 IST" skipped="0">
  <testcase classname="Test.PageLoginTest" name="withValidData" time="14.777"/>
  <system-out/>
</testsuite> <!-- Test.PageLoginTest -->
