<?xml version="1.0" encoding="UTF-8"?>
<!-- Generated by org.testng.reporters.JUnitReportReporter -->
<testsuite hostname="DESKTOP-QPED60H" failures="0" tests="1" name="Test.ZerodaShare" time="12.301" errors="0" timestamp="2022-04-28T15:25:44 IST" skipped="0">
  <testcase classname="Test.ZerodaShare" name="valiData" time="12.301"/>
  <system-out/>
</testsuite> <!-- Test.ZerodaShare -->
