<?xml version="1.0" encoding="UTF-8"?>
<!-- Generated by org.testng.reporters.JUnitReportReporter -->
<testsuite hostname="DESKTOP-QPED60H" failures="0" tests="1" name="Test.LoginTest" time="10.642" errors="0" timestamp="2022-04-28T12:32:54 IST" skipped="0">
  <testcase classname="Test.LoginTest" name="WithvalidData" time="10.642"/>
  <system-out/>
</testsuite> <!-- Test.LoginTest -->
